
I, [2022-01-18T13:50:28.342239 #10163]  INFO -- : Request: GET: /tests/1
I, [2022-01-18T13:50:28.342380 #10163]  INFO -- : Handler: TestsController#show
I, [2022-01-18T13:50:28.342448 #10163]  INFO -- : Params: {:id=>"1"}
I, [2022-01-18T13:50:28.342484 #10163]  INFO -- : Response: 201 [text/html] tests/show.html.erb
I, [2022-01-18T13:50:29.808907 #10163]  INFO -- : Request: GET: /tests
I, [2022-01-18T13:50:29.809018 #10163]  INFO -- : Handler: TestsController#index
I, [2022-01-18T13:50:29.809109 #10163]  INFO -- : Params: {}
I, [2022-01-18T13:50:29.809160 #10163]  INFO -- : Response: 201 [text/html] tests/index.html.erb
I, [2022-01-18T15:39:05.157878 #14745]  INFO -- : Request: GET: /tests/1
I, [2022-01-18T15:39:05.157994 #14745]  INFO -- : Handler: TestsController#show
I, [2022-01-18T15:39:05.158063 #14745]  INFO -- : Params: {:id=>"1"}
I, [2022-01-18T15:39:05.158112 #14745]  INFO -- : Response: 201 [text/html] tests/show.html.erb
I, [2022-01-18T15:39:08.253122 #14745]  INFO -- : Request: GET: /tests
I, [2022-01-18T15:39:08.253231 #14745]  INFO -- : Handler: TestsController#index
I, [2022-01-18T15:39:08.253343 #14745]  INFO -- : Params: {}
I, [2022-01-18T15:39:08.253385 #14745]  INFO -- : Response: 201 [text/html] tests/index.html.erb
I, [2022-01-18T15:39:36.806336 #14781]  INFO -- : Request: GET: /tests
I, [2022-01-18T15:39:36.806455 #14781]  INFO -- : Handler: TestsController#index
I, [2022-01-18T15:39:36.807077 #14781]  INFO -- : Params: {}
I, [2022-01-18T15:39:36.807135 #14781]  INFO -- : Response: 201 [text/html] tests/index.html.erb
I, [2022-01-18T15:39:38.505090 #14781]  INFO -- : Request: GET: /tests/1
I, [2022-01-18T15:39:38.505192 #14781]  INFO -- : Handler: TestsController#show
I, [2022-01-18T15:39:38.579841 #14781]  INFO -- : Params: {:id=>"1"}
I, [2022-01-18T15:39:38.579977 #14781]  INFO -- : Response: 201 [text/html] tests/show.html.erb
